<?xml version="1.0" encoding="UTF-8" ?>
<testsuite tests="20" failures="0" name="env.RunCukeTest" time="0.735" errors="0" skipped="16">
  <properties>
[...]
</properties>
  <testcase classname="Scenario: Click on OK button" name="Then I click on element having id &quot;com.android2.calculator3:id/cling_dismiss&quot;" time="0.027">
    <skipped/>
    <system-out>Feature: Verify Calculator functionalities
</system-out>
  </testcase>
  <testcase classname="Scenario: Click on OK button" name="Scenario: Click on OK button" time="0.027">
    <skipped/>
  </testcase>
  <testcase classname="Scenario: Click on OK button" name="Scenario: Click on OK button" time="0.031"/>
  <testcase classname="Scenario: Addition" name="Then I click on element having id &quot;com.android2.calculator3:id/digit5&quot;" time="0.031">
    <skipped/>
    <system-out>
  Scenario: Click on OK button                                                    &amp;#27;[90m# features/calculator.feature:3&amp;#27;[0m
    &amp;#27;[33mThen &amp;#27;[0m&amp;#27;[33mI click on element having id &quot;com.android2.calculator3:id/cling_dismiss&quot;&amp;#27;[0m
</system-out>
  </testcase>
  <testcase classname="Scenario: Addition" name="Then I click on element having id &quot;com.android2.calculator3:id/plus&quot;" time="0.042">
    <skipped/>
  </testcase>
  <testcase classname="Scenario: Addition" name="Then I click on element having id &quot;com.android2.calculator3:id/digit9&quot;" time="0.045">
    <skipped/>
  </testcase>
  <testcase classname="Scenario: Addition" name="When I click on element having id &quot;com.android2.calculator3:id/equal&quot;" time="0.054">
    <skipped/>
  </testcase>
  <testcase classname="Scenario: Addition" name="Then element having xpath &quot;//android.widget.EditText[@index=0]&quot; should have text as &quot;14&quot;" time="0.057">
    <skipped/>
  </testcase>
  <testcase classname="Scenario: Addition" name="Scenario: Addition" time="0.058">
    <skipped/>
  </testcase>
  <testcase classname="Scenario: Addition" name="Scenario: Addition" time="0.059"/>
  <testcase classname="Scenario: I login with valid credential" name="Given I navigate to &quot;http://the-internet.herokuapp.com/login&quot;" time="0.016">
    <skipped/>
    <system-out>
  Scenario: Addition                                                                         &amp;#27;[90m# features/calculator.feature:6&amp;#27;[0m
    &amp;#27;[33mThen &amp;#27;[0m&amp;#27;[33mI click on element having id &quot;com.android2.calculator3:id/digit5&quot;&amp;#27;[0m
    &amp;#27;[33mThen &amp;#27;[0m&amp;#27;[33mI click on element having id &quot;com.android2.calculator3:id/plus&quot;&amp;#27;[0m
    &amp;#27;[33mThen &amp;#27;[0m&amp;#27;[33mI click on element having id &quot;com.android2.calculator3:id/digit9&quot;&amp;#27;[0m
    &amp;#27;[33mWhen &amp;#27;[0m&amp;#27;[33mI click on element having id &quot;com.android2.calculator3:id/equal&quot;&amp;#27;[0m
    &amp;#27;[33mThen &amp;#27;[0m&amp;#27;[33melement having xpath &quot;//android.widget.EditText[@index=0]&quot; should have text as &quot;14&quot;&amp;#27;[0m
Feature: Login
        As a user I should able to login into my app
</system-out>
  </testcase>
  <testcase classname="Scenario: I login with valid credential" name="And I enter &quot;tomsmith&quot; into input field having id &quot;username&quot;" time="0.022">
    <skipped/>
  </testcase>
  <testcase classname="Scenario: I login with valid credential" name="And I enter &quot;SuperSecretPassword!&quot; into input field having id &quot;password&quot;" time="0.039">
    <skipped/>
  </testcase>
  <testcase classname="Scenario: I login with valid credential" name="When I click on element having class &quot;radius&quot;" time="0.041">
    <skipped/>
  </testcase>
  <testcase classname="Scenario: I login with valid credential" name="Then I should get logged-in" time="0.05">
    <skipped/>
  </testcase>
  <testcase classname="Scenario: I login with valid credential" name="Scenario: I login with valid credential" time="0.05">
    <skipped/>
  </testcase>
  <testcase classname="Scenario: I login with valid credential" name="Scenario: I login with valid credential" time="0.05"/>
  <testcase classname="Scenario: Close browser" name="Then I close browser" time="0.01">
    <skipped/>
    <system-out>
  Scenario: I login with valid credential                                    &amp;#27;[90m# features/my_first.feature:4&amp;#27;[0m
    &amp;#27;[33mGiven &amp;#27;[0m&amp;#27;[33mI navigate to &quot;http://the-internet.herokuapp.com/login&quot;&amp;#27;[0m
    &amp;#27;[33mAnd &amp;#27;[0m&amp;#27;[33mI enter &quot;tomsmith&quot; into input field having id &quot;username&quot;&amp;#27;[0m
    &amp;#27;[33mAnd &amp;#27;[0m&amp;#27;[33mI enter &quot;SuperSecretPassword!&quot; into input field having id &quot;password&quot;&amp;#27;[0m
    &amp;#27;[33mWhen &amp;#27;[0m&amp;#27;[33mI click on element having class &quot;radius&quot;&amp;#27;[0m
    &amp;#27;[36mThen &amp;#27;[0m&amp;#27;[36mI should get logged-in&amp;#27;[0m                                              &amp;#27;[90m# UserStepDefinitions.should_logged_in()&amp;#27;[0m
</system-out>
  </testcase>
  <testcase classname="Scenario: Close browser" name="Scenario: Close browser" time="0.013">
    <skipped/>
  </testcase>
  <testcase classname="Scenario: Close browser" name="Scenario: Close browser" time="0.013"/>
</testsuite>